{
    "file": "/home/azmain/GitHub Codes/so_dataset/gwt_class_37.java",
    "java_code": "public class gwt_class_37 {\n\tpublic class Tesdb3 implements EntryPoint { \n\n\t    String url= \"http://localhost/phpmyadmin/tesdb3/datauser.php\";\n\t    public void LoadData() throws RequestException{\n\t        RequestBuilder builder = new RequestBuilder(RequestBuilder.GET, URL.encode(url));\n\n\t        builder.sendRequest(null, new RequestCallback(){\n\t            @Override\n\t            public void onError(Request request, Throwable exception) {\n\t                Window.alert(\"error \" + exception);\n\t            }\n\n\t            public void onResponseReceived(Request request,\n\t                    Response response) {          \n\t            }\n\t        });\n\t    }\n\n\tpublic void data(JsArray data){\n\n\t    Widget w = null;\n\t    RootPanel.get().add(new HTML(\"my data\"));\n\t    RootPanel.get().add(w);\n\t} \n\n\t    public void onModuleLoad() {        \n\t        try {\n\t            LoadData();\n\t        } catch (RequestException e) {\n\t            e.printStackTrace();\n\t        }\n\t    }\n\t}\n}\n",
    "stdout": "",
    "stderr": "/home/azmain/GitHub Codes/so_dataset/gwt_class_37.java:2: error: cannot find symbol\n\tpublic class Tesdb3 implements EntryPoint { \n\t                               ^\n  symbol:   class EntryPoint\n  location: class gwt_class_37\n/home/azmain/GitHub Codes/so_dataset/gwt_class_37.java:5: error: cannot find symbol\n\t    public void LoadData() throws RequestException{\n\t                                  ^\n  symbol:   class RequestException\n  location: class gwt_class_37.Tesdb3\n/home/azmain/GitHub Codes/so_dataset/gwt_class_37.java:20: error: cannot find symbol\n\tpublic void data(JsArray data){\n\t                 ^\n  symbol:   class JsArray\n  location: class gwt_class_37.Tesdb3\n/home/azmain/GitHub Codes/so_dataset/gwt_class_37.java:6: error: cannot find symbol\n\t        RequestBuilder builder = new RequestBuilder(RequestBuilder.GET, URL.encode(url));\n\t        ^\n  symbol:   class RequestBuilder\n  location: class gwt_class_37.Tesdb3\n/home/azmain/GitHub Codes/so_dataset/gwt_class_37.java:6: error: cannot find symbol\n\t        RequestBuilder builder = new RequestBuilder(RequestBuilder.GET, URL.encode(url));\n\t                                     ^\n  symbol:   class RequestBuilder\n  location: class gwt_class_37.Tesdb3\n/home/azmain/GitHub Codes/so_dataset/gwt_class_37.java:6: error: cannot find symbol\n\t        RequestBuilder builder = new RequestBuilder(RequestBuilder.GET, URL.encode(url));\n\t                                                    ^\n  symbol:   variable RequestBuilder\n  location: class gwt_class_37.Tesdb3\n/home/azmain/GitHub Codes/so_dataset/gwt_class_37.java:6: error: cannot find symbol\n\t        RequestBuilder builder = new RequestBuilder(RequestBuilder.GET, URL.encode(url));\n\t                                                                        ^\n  symbol:   variable URL\n  location: class gwt_class_37.Tesdb3\n/home/azmain/GitHub Codes/so_dataset/gwt_class_37.java:8: error: cannot find symbol\n\t        builder.sendRequest(null, new RequestCallback(){\n\t                                      ^\n  symbol:   class RequestCallback\n  location: class gwt_class_37.Tesdb3\n/home/azmain/GitHub Codes/so_dataset/gwt_class_37.java:22: error: cannot find symbol\n\t    Widget w = null;\n\t    ^\n  symbol:   class Widget\n  location: class gwt_class_37.Tesdb3\n/home/azmain/GitHub Codes/so_dataset/gwt_class_37.java:23: error: cannot find symbol\n\t    RootPanel.get().add(new HTML(\"my data\"));\n\t                            ^\n  symbol:   class HTML\n  location: class gwt_class_37.Tesdb3\n/home/azmain/GitHub Codes/so_dataset/gwt_class_37.java:23: error: cannot find symbol\n\t    RootPanel.get().add(new HTML(\"my data\"));\n\t    ^\n  symbol:   variable RootPanel\n  location: class gwt_class_37.Tesdb3\n/home/azmain/GitHub Codes/so_dataset/gwt_class_37.java:24: error: cannot find symbol\n\t    RootPanel.get().add(w);\n\t    ^\n  symbol:   variable RootPanel\n  location: class gwt_class_37.Tesdb3\n/home/azmain/GitHub Codes/so_dataset/gwt_class_37.java:30: error: cannot find symbol\n\t        } catch (RequestException e) {\n\t                 ^\n  symbol:   class RequestException\n  location: class gwt_class_37.Tesdb3\n13 errors\n",
    "return_code": 1
}